<?xml version="1.0" encoding="UTF-8"?>
<!-- Generated by org.testng.reporters.JUnitReportReporter -->
<testsuite skipped="0" hostname="LAPTOP-MPIRELNE" name="Request" tests="1" failures="0" timestamp="2020-04-20T18:20:25 BRT" time="2.312" errors="0">
  <testcase name="testRequest" time="2.312" classname="Request"/>
</testsuite> <!-- Request -->
